\BOOKMARK [1][-]{section.1}{\376\377\177\244}{}% 1
\BOOKMARK [2][-]{subsection.1.1}{\376\377\226\306\124\010\116\012\166\204\173\111\116\367\121\163\174\373}{section.1}% 2
\BOOKMARK [2][-]{subsection.1.2}{\376\377\177\244}{section.1}% 3
\BOOKMARK [2][-]{subsection.1.3}{\376\377\177\244\124\014\140\001\127\372\147\054\133\232\164\006}{section.1}% 4
\BOOKMARK [2][-]{subsection.1.4}{\376\377\177\244\117\134\165\050}{section.1}% 5
\BOOKMARK [2][-]{subsection.1.5}{\376\377\000S\000y\000l\000o\000w\133\232\164\006\377\010\147\011\226\120\177\244\040\034\176\323\147\204\040\035\133\232\164\006\377\011}{section.1}% 6
\BOOKMARK [2][-]{subsection.1.6}{\376\377\201\352\165\061\000A\000b\000e\000l\177\244}{section.1}% 7
\BOOKMARK [2][-]{subsection.1.7}{\376\377\147\011\226\120\165\037\142\020\000A\000b\000e\000l\177\244}{section.1}% 8
\BOOKMARK [1][-]{section.2}{\376\377\163\257\116\016\152\041}{}% 9
\BOOKMARK [2][-]{subsection.2.1}{\376\377\116\000\116\233\173\200\123\125\133\232\116\111}{section.2}% 10
\BOOKMARK [2][-]{subsection.2.2}{\376\377\133\120\176\323\147\204}{section.2}% 11
\BOOKMARK [2][-]{subsection.2.3}{\376\377\164\006\140\363\060\001\152\041\060\001\122\006\137\017\163\257}{section.2}% 12
\BOOKMARK [2][-]{subsection.2.4}{}{section.2}% 13
\BOOKMARK [3][-]{subsubsection.2.4.1}{\376\377\121\340\174\173\221\315\211\201\166\204\162\171\153\212\163\257}{subsection.2.4}% 14
\BOOKMARK [3][-]{subsubsection.2.4.2}{\376\377\000U\000F\000D\125\057\116\000\122\006\211\343\163\257\142\026\125\057\116\000\147\220\126\340\163\257}{subsection.2.4}% 15
\BOOKMARK [3][-]{subsubsection.2.4.3}{\376\377\122\006\137\017\163\257\000\050\163\257\166\204\134\100\220\350\123\026\145\271\154\325\000\051}{subsection.2.4}% 16
\BOOKMARK [2][-]{subsection.2.5}{\376\377\122\006\137\017\163\257}{section.2}% 17
\BOOKMARK [2][-]{subsection.2.6}{\376\377\123\315\124\021\147\201\226\120\116\016\153\143\124\021\147\201\226\120\000\050\127\050\226\306\124\010\116\012\000\051}{section.2}% 18
\BOOKMARK [3][-]{subsubsection.2.6.1}{\376\377\153\143\124\021\226\306\000\050\000d\000i\000r\000e\000c\000t\000e\000d\000\040\000p\000o\000r\000t\000i\000a\000l\000y\000\040\000o\000r\000d\000e\000r\000e\000d\000\040\000s\000e\000t\000\051}{subsection.2.6}% 19
\BOOKMARK [2][-]{subsection.2.7}{\376\377\152\041}{section.2}% 20
\BOOKMARK [2][-]{subsection.2.8}{\376\377\153\143\124\010\122\027}{section.2}% 21
\BOOKMARK [2][-]{subsection.2.9}{\376\377\000A\000-\152\041\131\015\127\213}{section.2}% 22
\BOOKMARK [2][-]{subsection.2.10}{\376\377\203\003\165\164\124\214\121\375\133\120\166\204\173\200\116\313}{section.2}% 23
\BOOKMARK [2][-]{subsection.2.11}{\376\377\152\041\166\204\137\040\221\317\171\357\000\040\131\026\171\357\000\040\133\371\171\360\171\357}{section.2}% 24
\BOOKMARK [2][-]{subsection.2.12}{\376\377\122\006\137\017\152\041}{section.2}% 25
\BOOKMARK [1][-]{section.3}{\376\377\127\337\213\272}{}% 26
\BOOKMARK [2][-]{subsection.3.1}{\376\377\127\337\166\204\116\343\145\160\142\151\137\040}{section.3}% 27
\BOOKMARK [2][-]{subsection.3.2}{\376\377\116\343\145\160\142\151\137\040\116\016\123\125\116\343\145\160\142\151\137\040\176\323\147\204}{section.3}% 28
\BOOKMARK [2][-]{subsection.3.3}{\376\377\116\343\145\160\225\355\123\005\000\050\0001\000\051}{section.3}% 29
\BOOKMARK [2][-]{subsection.3.4}{\376\377\116\343\145\160\225\355\123\005\000\050\0002\000\051}{section.3}% 30
\BOOKMARK [2][-]{subsection.3.5}{\376\377\122\006\210\302\127\337\000\040\153\143\211\304\142\151\137\040}{section.3}% 31
\BOOKMARK [2][-]{subsection.3.6}{\376\377\153\143\211\304\142\151\137\040\000\040\000\040\123\357\122\006\142\151\137\040}{section.3}% 32
\BOOKMARK [2][-]{subsection.3.7}{\376\377\147\011\226\120\127\337}{section.3}% 33
\BOOKMARK [2][-]{subsection.3.8}{\376\377\116\015\123\357\122\006\142\151\137\040}{section.3}% 34
\BOOKMARK [1][-]{section.4}{\376\377\000G\000a\000l\000o\000i\000s\164\006\213\272}{}% 35
\BOOKMARK [2][-]{subsection.4.1}{\376\377\147\011\226\120\000G\000a\000l\000o\000i\000s\164\006\213\272}{section.4}% 36
\BOOKMARK [2][-]{subsection.4.2}{\376\377\000G\000a\000l\000o\000i\000s\164\006\213\272\166\204\202\345\136\162\136\224\165\050}{section.4}% 37
\BOOKMARK [3][-]{subsubsection.4.2.1}{\376\377\121\163\116\216\131\032\230\171\137\017\150\071\137\017\211\343\166\204\000G\000a\000l\000o\000i\000s\133\232\164\006}{subsection.4.2}% 38
\BOOKMARK [3][-]{subsubsection.4.2.2}{\376\377\123\344\136\014\201\112\126\333\131\047\145\160\133\146\226\276\230\230}{subsection.4.2}% 39
\BOOKMARK [2][-]{subsection.4.3}{\376\377\127\337\166\204\145\340\226\120\000G\000a\000l\000o\000i\000s\142\151\137\040}{section.4}% 40
\BOOKMARK [2][-]{subsection.4.4}{\376\377\117\213\230\230}{section.4}% 41
\BOOKMARK [1][-]{section.5}{\376\377\163\257\116\016\152\041\166\204\224\376\147\141\116\366}{}% 42
\BOOKMARK [2][-]{subsection.5.1}{\376\377\163\257\116\016\152\041\166\204\224\376\147\141\116\366}{section.5}% 43
\BOOKMARK [2][-]{subsection.5.2}{\376\377\127\337\166\204\000G\000a\000l\000o\000i\000s\142\151\137\040\117\213\133\120\220\011\213\262}{section.5}% 44
